<?xml version="1.0" encoding="UTF-8"?><testsuite failures="0" name="cucumber.runtime.formatter.JUnitFormatter" skipped="0" tests="1" time="38.30228">
<testcase classname="user logs in to Take alot" name="Take Alot Login Test Scenario" time="38.30228">
<system-out><![CDATA[Given user is already on login page.........................................passed
When user is on home screen.................................................passed
Then user clicks login button...............................................passed
Then user enters "s.qhaji@mail.com" and "Password123".......................passed
Then user is on Home page screen............................................passed
Then close the browser......................................................passed
]]></system-out>
</testcase>
</testsuite>
